#
# There is insufficient memory for the Java Runtime Environment to continue.
# Native memory allocation (malloc) failed to allocate 295504 bytes for Chunk::new
# Possible reasons:
#   The system is out of physical RAM or swap space
#   The process is running with CompressedOops enabled, and the Java Heap may be blocking the growth of the native heap
# Possible solutions:
#   Reduce memory load on the system
#   Increase physical memory or swap space
#   Check if swap backing store is full
#   Decrease Java heap size (-Xmx/-Xms)
#   Decrease number of Java threads
#   Decrease Java thread stack sizes (-Xss)
#   Set larger code cache with -XX:ReservedCodeCacheSize=
#   JVM is running with Unscaled Compressed Oops mode in which the Java heap is
#     placed in the first 4GB address space. The Java Heap base address is the
#     maximum limit for the native heap growth. Please use -XX:HeapBaseMinAddress
#     to set the Java Heap base and to place the Java Heap above 4GB virtual address.
# This output file may be truncated or incomplete.
#
#  Out of Memory Error (allocation.cpp:390), pid=6984, tid=0x0000000000000e10
#
# JRE version: Java(TM) SE Runtime Environment (8.0_201-b09) (build 1.8.0_201-b09)
# Java VM: Java HotSpot(TM) 64-Bit Server VM (25.201-b09 mixed mode windows-amd64 compressed oops)
# Failed to write core dump. Minidumps are not enabled by default on client versions of Windows
#

---------------  T H R E A D  ---------------

Current thread (0x000000005730c000):  JavaThread "restartedMain" [_thread_in_native, id=3600, stack(0x0000000058030000,0x0000000058130000)]

Stack: [0x0000000058030000,0x0000000058130000]
[error occurred during error reporting (printing stack bounds), id 0xc0000005]

Native frames: (J=compiled Java code, j=interpreted, Vv=VM code, C=native code)

Java frames: (J=compiled Java code, j=interpreted, Vv=VM code)
J 693  java.lang.Class.forName0(Ljava/lang/String;ZLjava/lang/ClassLoader;Ljava/lang/Class;)Ljava/lang/Class; (0 bytes) @ 0x0000000002be5947 [0x0000000002be58c0+0x87]
J 752 C1 java.lang.Class.forName(Ljava/lang/String;ZLjava/lang/ClassLoader;)Ljava/lang/Class; (53 bytes) @ 0x0000000002c0122c [0x0000000002c01100+0x12c]
j  sun.nio.cs.AbstractCharsetProvider.lookup(Ljava/lang/String;)Ljava/nio/charset/Charset;+86
j  sun.nio.cs.AbstractCharsetProvider.access$000(Lsun/nio/cs/AbstractCharsetProvider;Ljava/lang/String;)Ljava/nio/charset/Charset;+2
j  sun.nio.cs.AbstractCharsetProvider$1.next()Ljava/nio/charset/Charset;+25
j  sun.nio.cs.AbstractCharsetProvider$1.next()Ljava/lang/Object;+1
j  java.nio.charset.Charset.put(Ljava/util/Iterator;Ljava/util/Map;)V+10
j  java.nio.charset.Charset.access$200(Ljava/util/Iterator;Ljava/util/Map;)V+2
j  java.nio.charset.Charset$3.run()Ljava/util/SortedMap;+34
j  java.nio.charset.Charset$3.run()Ljava/lang/Object;+1
v  ~StubRoutines::call_stub
J 478  java.security.AccessController.doPrivileged(Ljava/security/PrivilegedAction;)Ljava/lang/Object; (0 bytes) @ 0x0000000002b83c92 [0x0000000002b83c40+0x52]
j  java.nio.charset.Charset.availableCharsets()Ljava/util/SortedMap;+7
j  org.apache.tomcat.util.buf.B2CConverter.<clinit>()V+18
v  ~StubRoutines::call_stub
j  org.apache.catalina.connector.Connector.setURIEncoding(Ljava/lang/String;)V+2
j  org.springframework.boot.web.embedded.tomcat.TomcatServletWebServerFactory.customizeConnector(Lorg/apache/catalina/connector/Connector;)V+77
j  org.springframework.boot.web.embedded.tomcat.TomcatServletWebServerFactory.getWebServer([Lorg/springframework/boot/web/servlet/ServletContextInitializer;)Lorg/springframework/boot/web/server/WebServer;+64
j  org.springframework.boot.web.servlet.context.ServletWebServerApplicationContext.createWebServer()V+36
j  org.springframework.boot.web.servlet.context.ServletWebServerApplicationContext.onRefresh()V+5
j  org.springframework.context.support.AbstractApplicationContext.refresh()V+45
j  org.springframework.boot.web.servlet.context.ServletWebServerApplicationContext.refresh()V+1
j  org.springframework.boot.SpringApplication.refresh(Lorg/springframework/context/ApplicationContext;)V+10
j  org.springframework.boot.SpringApplication.refreshContext(Lorg/springframework/context/ConfigurableApplicationContext;)V+2
j  org.springframework.boot.SpringApplication.run([Ljava/lang/String;)Lorg/springframework/context/ConfigurableApplicationContext;+118
j  org.springframework.boot.SpringApplication.run([Ljava/lang/Class;[Ljava/lang/String;)Lorg/springframework/context/ConfigurableApplicationContext;+9
j  org.springframework.boot.SpringApplication.run(Ljava/lang/Class;[Ljava/lang/String;)Lorg/springframework/context/ConfigurableApplicationContext;+9
j  br.unisul.web.sexta.EscolaApplication.main([Ljava/lang/String;)V+3
v  ~StubRoutines::call_stub
j  sun.reflect.NativeMethodAccessorImpl.invoke0(Ljava/lang/reflect/Method;Ljava/lang/Object;[Ljava/lang/Object;)Ljava/lang/Object;+0
j  sun.reflect.NativeMethodAccessorImpl.invoke(Ljava/lang/Object;[Ljava/lang/Object;)Ljava/lang/Object;+100
j  sun.reflect.DelegatingMethodAccessorImpl.invoke(Ljava/lang/Object;[Ljava/lang/Object;)Ljava/lang/Object;+6
j  java.lang.reflect.Method.invoke(Ljava/lang/Object;[Ljava/lang/Object;)Ljava/lang/Object;+56
j  org.springframework.boot.devtools.restart.RestartLauncher.run()V+41
v  ~StubRoutines::call_stub

---------------  P R O C E S S  ---------------

Java Threads: ( => current thread )
=>0x000000005730c000 JavaThread "restartedMain" [_thread_in_native, id=3600, stack(0x0000000058030000,0x0000000058130000)]
  0x0000000057308000 JavaThread "Thread-2" [_thread_blocked, id=6608, stack(0x0000000057ed0000,0x0000000057fd0000)]
  0x0000000056f80000 JavaThread "JMX server connection timeout 17" daemon [_thread_blocked, id=6404, stack(0x0000000057520000,0x0000000057620000)]
  0x0000000056f75800 JavaThread "RMI Scheduler(0)" daemon [_thread_blocked, id=6408, stack(0x0000000057b30000,0x0000000057c30000)]
  0x0000000056f6f800 JavaThread "RMI TCP Connection(2)-127.0.0.1" daemon [_thread_in_native, id=6708, stack(0x00000000579f0000,0x0000000057af0000)]
  0x0000000056f57000 JavaThread "RMI TCP Connection(1)-127.0.0.1" daemon [_thread_in_native, id=6428, stack(0x00000000578d0000,0x00000000579d0000)]
  0x0000000056efa800 JavaThread "RMI TCP Accept-0" daemon [_thread_in_native, id=6416, stack(0x0000000057650000,0x0000000057750000)]
  0x0000000056eb2800 JavaThread "RMI TCP Accept-58749" daemon [_thread_in_native, id=6436, stack(0x0000000056b10000,0x0000000056c10000)]
  0x0000000056ea0800 JavaThread "RMI TCP Accept-0" daemon [_thread_in_native, id=1048, stack(0x0000000056800000,0x0000000056900000)]
  0x0000000055cfe800 JavaThread "Service Thread" daemon [_thread_blocked, id=172, stack(0x0000000056690000,0x0000000056790000)]
  0x0000000055c92000 JavaThread "C1 CompilerThread2" daemon [_thread_blocked, id=6460, stack(0x0000000055540000,0x0000000055640000)]
  0x0000000055c87800 JavaThread "C2 CompilerThread1" daemon [_thread_blocked, id=7024, stack(0x0000000056260000,0x0000000056360000)]
  0x0000000055c72000 JavaThread "C2 CompilerThread0" daemon [_thread_blocked, id=7016, stack(0x00000000563a0000,0x00000000564a0000)]
  0x0000000055c70800 JavaThread "Attach Listener" daemon [_thread_blocked, id=6704, stack(0x0000000056130000,0x0000000056230000)]
  0x000000005456f000 JavaThread "Signal Dispatcher" daemon [_thread_blocked, id=6420, stack(0x0000000055b70000,0x0000000055c70000)]
  0x0000000054551800 JavaThread "Finalizer" daemon [_thread_blocked, id=2684, stack(0x00000000559d0000,0x0000000055ad0000)]
  0x000000005450a800 JavaThread "Reference Handler" daemon [_thread_blocked, id=6168, stack(0x00000000557f0000,0x00000000558f0000)]
  0x000000000214a800 JavaThread "main" [_thread_blocked, id=6868, stack(0x0000000002600000,0x0000000002700000)]

Other Threads:
  0x00000000544fe800 VMThread [stack: 0x0000000055640000,0x0000000055740000] [id=6996]
  0x0000000056eff800 WatcherThread [stack: 0x0000000057790000,0x0000000057890000] [id=5044]

VM state:not at safepoint (normal execution)

VM Mutex/Monitor currently owned by a thread: None

heap address: 0x00000000d2400000, size: 732 MB, Compressed Oops mode: 32-bit
Narrow klass base: 0x0000000000000000, Narrow klass shift: 0
Compressed class space size: 1073741824 Address: 0x0000000013b70000

Heap:
 PSYoungGen      total 53248K, used 36385K [0x00000000f0c00000, 0x00000000f4600000, 0x0000000100000000)
  eden space 48640K, 65% used [0x00000000f0c00000,0x00000000f2b0f2c0,0x00000000f3b80000)
  from space 4608K, 99% used [0x00000000f4080000,0x00000000f44f91a0,0x00000000f4500000)
  to   space 5120K, 0% used [0x00000000f3b80000,0x00000000f3b80000,0x00000000f4080000)
 ParOldGen       total 27648K, used 13820K [0x00000000d2400000, 0x00000000d3f00000, 0x00000000f0c00000)
  object space 27648K, 49% used [0x00000000d2400000,0x00000000d317f398,0x00000000d3f00000)
 Metaspace       used 27881K, capacity 29416K, committed 29696K, reserved 1075200K
  class space    used 3904K, capacity 4264K, committed 4352K, reserved 1048576K

Card table byte_map: [0x00000000022b0000,0x0000000002420000] byte_map_base: 0x0000000001c1e000

Marking Bits: (ParMarkBitMap*) 0x0000000074074ce0
 Begin Bits: [0x0000000012320000, 0x0000000012e90000)
 End Bits:   [0x0000000012e90000, 0x0000000013a00000)

Polling page: 0x0000000001c50000

CodeCache: size=245760Kb used=6350Kb max_used=6350Kb free=239409Kb
 bounds [0x00000000029d0000, 0x0000000003010000, 0x00000000119d0000]
 total_blobs=3412 nmethods=2996 adapters=327
 compilation: enabled

Compilation events (10 events):
Event: 12.615 Thread 0x0000000055c92000 2992   !   1       java.io.ObjectOutputStream::writeSerialData (221 bytes)
Event: 12.617 Thread 0x0000000055c92000 nmethod 2992 0x0000000003001690 code [0x0000000003001860, 0x0000000003001ea8]
Event: 12.885 Thread 0x0000000055c92000 2993       1       java.util.TreeMap::rotateLeft (96 bytes)
Event: 12.885 Thread 0x0000000055c92000 nmethod 2993 0x0000000003002550 code [0x00000000030026a0, 0x00000000030028d0]
Event: 12.967 Thread 0x0000000055c92000 2994       1       java.util.TreeMap::rotateRight (96 bytes)
Event: 12.968 Thread 0x0000000055c92000 nmethod 2994 0x00000000030029d0 code [0x0000000003002b20, 0x0000000003002d50]
Event: 12.968 Thread 0x0000000055c92000 2995       1       sun.nio.cs.AbstractCharsetProvider::put (20 bytes)
Event: 12.968 Thread 0x0000000055c92000 nmethod 2995 0x0000000003002e50 code [0x0000000003002fc0, 0x0000000003003138]
Event: 12.974 Thread 0x0000000055c92000 2996       1       java.nio.charset.Charset::checkName (165 bytes)
Event: 12.974 Thread 0x0000000055c92000 nmethod 2996 0x00000000030031d0 code [0x0000000003003380, 0x00000000030036f8]

GC Heap History (10 events):
Event: 8.486 GC heap before
{Heap before GC invocations=7 (full 0):
 PSYoungGen      total 53248K, used 38960K [0x00000000f0c00000, 0x00000000f4600000, 0x0000000100000000)
  eden space 48640K, 71% used [0x00000000f0c00000,0x00000000f2dd2610,0x00000000f3b80000)
  from space 4608K, 93% used [0x00000000f4080000,0x00000000f44b9c00,0x00000000f4500000)
  to   space 5120K, 0% used [0x00000000f3b80000,0x00000000f3b80000,0x00000000f4080000)
 ParOldGen       total 31744K, used 5301K [0x00000000d2400000, 0x00000000d4300000, 0x00000000f0c00000)
  object space 31744K, 16% used [0x00000000d2400000,0x00000000d292d798,0x00000000d4300000)
 Metaspace       used 20550K, capacity 21136K, committed 21248K, reserved 1067008K
  class space    used 2801K, capacity 2985K, committed 3072K, reserved 1048576K
Event: 8.497 GC heap after
Heap after GC invocations=7 (full 0):
 PSYoungGen      total 53760K, used 5104K [0x00000000f0c00000, 0x00000000f4600000, 0x0000000100000000)
  eden space 48640K, 0% used [0x00000000f0c00000,0x00000000f0c00000,0x00000000f3b80000)
  from space 5120K, 99% used [0x00000000f3b80000,0x00000000f407c3b0,0x00000000f4080000)
  to   space 4608K, 0% used [0x00000000f4080000,0x00000000f4080000,0x00000000f4500000)
 ParOldGen       total 31744K, used 7847K [0x00000000d2400000, 0x00000000d4300000, 0x00000000f0c00000)
  object space 31744K, 24% used [0x00000000d2400000,0x00000000d2ba9ef8,0x00000000d4300000)
 Metaspace       used 20550K, capacity 21136K, committed 21248K, reserved 1067008K
  class space    used 2801K, capacity 2985K, committed 3072K, reserved 1048576K
}
Event: 8.497 GC heap before
{Heap before GC invocations=8 (full 1):
 PSYoungGen      total 53760K, used 5104K [0x00000000f0c00000, 0x00000000f4600000, 0x0000000100000000)
  eden space 48640K, 0% used [0x00000000f0c00000,0x00000000f0c00000,0x00000000f3b80000)
  from space 5120K, 99% used [0x00000000f3b80000,0x00000000f407c3b0,0x00000000f4080000)
  to   space 4608K, 0% used [0x00000000f4080000,0x00000000f4080000,0x00000000f4500000)
 ParOldGen       total 31744K, used 7847K [0x00000000d2400000, 0x00000000d4300000, 0x00000000f0c00000)
  object space 31744K, 24% used [0x00000000d2400000,0x00000000d2ba9ef8,0x00000000d4300000)
 Metaspace       used 20550K, capacity 21136K, committed 21248K, reserved 1067008K
  class space    used 2801K, capacity 2985K, committed 3072K, reserved 1048576K
Event: 8.548 GC heap after
Heap after GC invocations=8 (full 1):
 PSYoungGen      total 53760K, used 0K [0x00000000f0c00000, 0x00000000f4600000, 0x0000000100000000)
  eden space 48640K, 0% used [0x00000000f0c00000,0x00000000f0c00000,0x00000000f3b80000)
  from space 5120K, 0% used [0x00000000f3b80000,0x00000000f3b80000,0x00000000f4080000)
  to   space 4608K, 0% used [0x00000000f4080000,0x00000000f4080000,0x00000000f4500000)
 ParOldGen       total 27648K, used 10742K [0x00000000d2400000, 0x00000000d3f00000, 0x00000000f0c00000)
  object space 27648K, 38% used [0x00000000d2400000,0x00000000d2e7d858,0x00000000d3f00000)
 Metaspace       used 20549K, capacity 21130K, committed 21248K, reserved 1067008K
  class space    used 2800K, capacity 2984K, committed 3072K, reserved 1048576K
}
Event: 9.668 GC heap before
{Heap before GC invocations=9 (full 1):
 PSYoungGen      total 53760K, used 48630K [0x00000000f0c00000, 0x00000000f4600000, 0x0000000100000000)
  eden space 48640K, 99% used [0x00000000f0c00000,0x00000000f3b7d938,0x00000000f3b80000)
  from space 5120K, 0% used [0x00000000f3b80000,0x00000000f3b80000,0x00000000f4080000)
  to   space 4608K, 0% used [0x00000000f4080000,0x00000000f4080000,0x00000000f4500000)
 ParOldGen       total 27648K, used 10742K [0x00000000d2400000, 0x00000000d3f00000, 0x00000000f0c00000)
  object space 27648K, 38% used [0x00000000d2400000,0x00000000d2e7d858,0x00000000d3f00000)
 Metaspace       used 21872K, capacity 22632K, committed 22912K, reserved 1069056K
  class space    used 2992K, capacity 3170K, committed 3200K, reserved 1048576K
Event: 9.676 GC heap after
Heap after GC invocations=9 (full 1):
 PSYoungGen      total 53248K, used 3806K [0x00000000f0c00000, 0x00000000f4600000, 0x0000000100000000)
  eden space 48640K, 0% used [0x00000000f0c00000,0x00000000f0c00000,0x00000000f3b80000)
  from space 4608K, 82% used [0x00000000f4080000,0x00000000f4437b38,0x00000000f4500000)
  to   space 5120K, 0% used [0x00000000f3b80000,0x00000000f3b80000,0x00000000f4080000)
 ParOldGen       total 27648K, used 10750K [0x00000000d2400000, 0x00000000d3f00000, 0x00000000f0c00000)
  object space 27648K, 38% used [0x00000000d2400000,0x00000000d2e7f858,0x00000000d3f00000)
 Metaspace       used 21872K, capacity 22632K, committed 22912K, reserved 1069056K
  class space    used 2992K, capacity 3170K, committed 3200K, reserved 1048576K
}
Event: 10.048 GC heap before
{Heap before GC invocations=10 (full 1):
 PSYoungGen      total 53248K, used 52446K [0x00000000f0c00000, 0x00000000f4600000, 0x0000000100000000)
  eden space 48640K, 100% used [0x00000000f0c00000,0x00000000f3b80000,0x00000000f3b80000)
  from space 4608K, 82% used [0x00000000f4080000,0x00000000f4437b38,0x00000000f4500000)
  to   space 5120K, 0% used [0x00000000f3b80000,0x00000000f3b80000,0x00000000f4080000)
 ParOldGen       total 27648K, used 10750K [0x00000000d2400000, 0x00000000d3f00000, 0x00000000f0c00000)
  object space 27648K, 38% used [0x00000000d2400000,0x00000000d2e7f858,0x00000000d3f00000)
 Metaspace       used 22439K, capacity 23328K, committed 23552K, reserved 1069056K
  class space    used 3088K, capacity 3302K, committed 3328K, reserved 1048576K
Event: 10.054 GC heap after
Heap after GC invocations=10 (full 1):
 PSYoungGen      total 53760K, used 3787K [0x00000000f0c00000, 0x00000000f4600000, 0x0000000100000000)
  eden space 48640K, 0% used [0x00000000f0c00000,0x00000000f0c00000,0x00000000f3b80000)
  from space 5120K, 73% used [0x00000000f3b80000,0x00000000f3f32fc8,0x00000000f4080000)
  to   space 4608K, 0% used [0x00000000f4080000,0x00000000f4080000,0x00000000f4500000)
 ParOldGen       total 27648K, used 10750K [0x00000000d2400000, 0x00000000d3f00000, 0x00000000f0c00000)
  object space 27648K, 38% used [0x00000000d2400000,0x00000000d2e7f858,0x00000000d3f00000)
 Metaspace       used 22439K, capacity 23328K, committed 23552K, reserved 1069056K
  class space    used 3088K, capacity 3302K, committed 3328K, reserved 1048576K
}
Event: 11.173 GC heap before
{Heap before GC invocations=11 (full 1):
 PSYoungGen      total 53760K, used 52427K [0x00000000f0c00000, 0x00000000f4600000, 0x0000000100000000)
  eden space 48640K, 100% used [0x00000000f0c00000,0x00000000f3b80000,0x00000000f3b80000)
  from space 5120K, 73% used [0x00000000f3b80000,0x00000000f3f32fc8,0x00000000f4080000)
  to   space 4608K, 0% used [0x00000000f4080000,0x00000000f4080000,0x00000000f4500000)
 ParOldGen       total 27648K, used 10750K [0x00000000d2400000, 0x00000000d3f00000, 0x00000000f0c00000)
  object space 27648K, 38% used [0x00000000d2400000,0x00000000d2e7f858,0x00000000d3f00000)
 Metaspace       used 25527K, capacity 26626K, committed 26880K, reserved 1073152K
  class space    used 3542K, capacity 3797K, committed 3840K, reserved 1048576K
Event: 11.185 GC heap after
Heap after GC invocations=11 (full 1):
 PSYoungGen      total 53248K, used 4580K [0x00000000f0c00000, 0x00000000f4600000, 0x0000000100000000)
  eden space 48640K, 0% used [0x00000000f0c00000,0x00000000f0c00000,0x00000000f3b80000)
  from space 4608K, 99% used [0x00000000f4080000,0x00000000f44f91a0,0x00000000f4500000)
  to   space 5120K, 0% used [0x00000000f3b80000,0x00000000f3b80000,0x00000000f4080000)
 ParOldGen       total 27648K, used 13820K [0x00000000d2400000, 0x00000000d3f00000, 0x00000000f0c00000)
  object space 27648K, 49% used [0x00000000d2400000,0x00000000d317f398,0x00000000d3f00000)
 Metaspace       used 25527K, capacity 26626K, committed 26880K, reserved 1073152K
  class space    used 3542K, capacity 3797K, committed 3840K, reserved 1048576K
}

Deoptimization events (0 events):
No events

Classes redefined (0 events):
No events

Internal exceptions (10 events):
Event: 11.655 Thread 0x000000005730c000 Exception <a 'java/lang/ArrayIndexOutOfBoundsException'> (0x00000000f20bb9a8) thrown at [C:\re\workspace\8-2-build-windows-amd64-cygwin\jdk8u201\12322\hotspot\src\share\vm\runtime\sharedRuntime.cpp, line 605]
Event: 11.655 Thread 0x000000005730c000 Exception <a 'java/lang/ArrayIndexOutOfBoundsException'> (0x00000000f20bd940) thrown at [C:\re\workspace\8-2-build-windows-amd64-cygwin\jdk8u201\12322\hotspot\src\share\vm\runtime\sharedRuntime.cpp, line 605]
Event: 11.658 Thread 0x000000005730c000 Exception <a 'java/lang/ArrayIndexOutOfBoundsException'> (0x00000000f20def98) thrown at [C:\re\workspace\8-2-build-windows-amd64-cygwin\jdk8u201\12322\hotspot\src\share\vm\runtime\sharedRuntime.cpp, line 605]
Event: 11.722 Thread 0x000000005730c000 Exception <a 'java/lang/ArrayIndexOutOfBoundsException'> (0x00000000f2426f80) thrown at [C:\re\workspace\8-2-build-windows-amd64-cygwin\jdk8u201\12322\hotspot\src\share\vm\runtime\sharedRuntime.cpp, line 605]
Event: 11.722 Thread 0x000000005730c000 Exception <a 'java/lang/ArrayIndexOutOfBoundsException'> (0x00000000f24282c8) thrown at [C:\re\workspace\8-2-build-windows-amd64-cygwin\jdk8u201\12322\hotspot\src\share\vm\runtime\sharedRuntime.cpp, line 605]
Event: 11.722 Thread 0x000000005730c000 Exception <a 'java/lang/ArrayIndexOutOfBoundsException'> (0x00000000f2429b10) thrown at [C:\re\workspace\8-2-build-windows-amd64-cygwin\jdk8u201\12322\hotspot\src\share\vm\runtime\sharedRuntime.cpp, line 605]
Event: 11.724 Thread 0x000000005730c000 Exception <a 'java/lang/ArrayIndexOutOfBoundsException'> (0x00000000f24478c0) thrown at [C:\re\workspace\8-2-build-windows-amd64-cygwin\jdk8u201\12322\hotspot\src\share\vm\runtime\sharedRuntime.cpp, line 605]
Event: 11.724 Thread 0x000000005730c000 Exception <a 'java/lang/ArrayIndexOutOfBoundsException'> (0x00000000f244a500) thrown at [C:\re\workspace\8-2-build-windows-amd64-cygwin\jdk8u201\12322\hotspot\src\share\vm\runtime\sharedRuntime.cpp, line 605]
Event: 12.064 Thread 0x0000000056f6f800 Exception <a 'java/lang/reflect/InvocationTargetException'> (0x00000000f1ad2b28) thrown at [C:\re\workspace\8-2-build-windows-amd64-cygwin\jdk8u201\12322\hotspot\src\share\vm\runtime\reflection.cpp, line 1092]
Event: 12.615 Thread 0x0000000056f6f800 Exception <a 'java/lang/reflect/InvocationTargetException'> (0x00000000f2b05bc8) thrown at [C:\re\workspace\8-2-build-windows-amd64-cygwin\jdk8u201\12322\hotspot\src\share\vm\runtime\reflection.cpp, line 1092]

Events (10 events):
Event: 12.969 loading class sun/nio/cs/AbstractCharsetProvider$1 done
Event: 12.969 loading class sun/nio/cs/ext/Big5
Event: 12.972 loading class sun/nio/cs/ext/Big5 done
Event: 12.973 loading class sun/nio/cs/ext/Big5_HKSCS
Event: 12.974 loading class sun/nio/cs/ext/Big5_HKSCS done
Event: 12.974 loading class sun/nio/cs/ext/EUC_JP
Event: 12.975 loading class sun/nio/cs/ext/EUC_JP done
Event: 12.975 loading class sun/nio/cs/ext/EUC_KR
Event: 12.976 loading class sun/nio/cs/ext/EUC_KR done
Event: 12.976 loading class sun/nio/cs/ext/GB18030


Dynamic libraries:
0x000000013fa80000 - 0x000000013fab7000 	C:\Program Files\Java\jre1.8.0_201\bin\javaw.exe
0x0000000077000000 - 0x00000000771a9000 	C:\Windows\SYSTEM32\ntdll.dll
0x0000000076de0000 - 0x0000000076eff000 	C:\Windows\system32\kernel32.dll
0x000007fefd020000 - 0x000007fefd08b000 	C:\Windows\system32\KERNELBASE.dll
0x000007fefeef0000 - 0x000007fefefcb000 	C:\Windows\system32\ADVAPI32.dll
0x000007fefe5b0000 - 0x000007fefe64f000 	C:\Windows\system32\msvcrt.dll
0x000007fefefd0000 - 0x000007fefefef000 	C:\Windows\SYSTEM32\sechost.dll
0x000007fefd420000 - 0x000007fefd54d000 	C:\Windows\system32\RPCRT4.dll
0x0000000076f00000 - 0x0000000076ffa000 	C:\Windows\system32\USER32.dll
0x000007fefe650000 - 0x000007fefe6b7000 	C:\Windows\system32\GDI32.dll
0x000007feff090000 - 0x000007feff09e000 	C:\Windows\system32\LPK.dll
0x000007fefd170000 - 0x000007fefd239000 	C:\Windows\system32\USP10.dll
0x000007fefb820000 - 0x000007fefba14000 	C:\Windows\WinSxS\amd64_microsoft.windows.common-controls_6595b64144ccf1df_6.0.7601.17514_none_fa396087175ac9ac\COMCTL32.dll
0x000007feff0c0000 - 0x000007feff131000 	C:\Windows\system32\SHLWAPI.dll
0x000007feff2e0000 - 0x000007feff30e000 	C:\Windows\system32\IMM32.DLL
0x000007feff1c0000 - 0x000007feff2c9000 	C:\Windows\system32\MSCTF.dll
0x000000006dce0000 - 0x000000006ddb1000 	C:\Program Files\Java\jre1.8.0_201\bin\msvcr100.dll
0x0000000073850000 - 0x00000000740f4000 	C:\Program Files\Java\jre1.8.0_201\bin\server\jvm.dll
0x000007fef7400000 - 0x000007fef7409000 	C:\Windows\system32\WSOCK32.dll
0x000007fefeea0000 - 0x000007fefeeed000 	C:\Windows\system32\WS2_32.dll
0x000007feff2d0000 - 0x000007feff2d8000 	C:\Windows\system32\NSI.dll
0x000007fef76c0000 - 0x000007fef76fb000 	C:\Windows\system32\WINMM.dll
0x000007fefbea0000 - 0x000007fefbeac000 	C:\Windows\system32\VERSION.dll
0x00000000771d0000 - 0x00000000771d7000 	C:\Windows\system32\PSAPI.DLL
0x000007fef9ee0000 - 0x000007fef9eef000 	C:\Program Files\Java\jre1.8.0_201\bin\verify.dll
0x000007feea020000 - 0x000007feea049000 	C:\Program Files\Java\jre1.8.0_201\bin\java.dll
0x000007fef8e70000 - 0x000007fef8e86000 	C:\Program Files\Java\jre1.8.0_201\bin\zip.dll
0x000007fefd550000 - 0x000007fefe2d8000 	C:\Windows\system32\SHELL32.dll
0x000007fefebf0000 - 0x000007fefedf3000 	C:\Windows\system32\ole32.dll
0x000007fefcdb0000 - 0x000007fefcdbf000 	C:\Windows\system32\profapi.dll
0x000007fef7640000 - 0x000007fef764d000 	C:\Program Files\Java\jre1.8.0_201\bin\management.dll
0x000007fef4cb0000 - 0x000007fef4cca000 	C:\Program Files\Java\jre1.8.0_201\bin\net.dll
0x000007fefe2e0000 - 0x000007fefe465000 	C:\Windows\system32\urlmon.dll
0x000007fefcf50000 - 0x000007fefcf54000 	C:\Windows\system32\api-ms-win-downlevel-ole32-l1-1-0.dll
0x000007fefcdd0000 - 0x000007fefcdd4000 	C:\Windows\system32\api-ms-win-downlevel-shlwapi-l1-1-0.dll
0x000007fefd160000 - 0x000007fefd165000 	C:\Windows\system32\api-ms-win-downlevel-advapi32-l1-1-0.dll
0x000007fefd090000 - 0x000007fefd094000 	C:\Windows\system32\api-ms-win-downlevel-user32-l1-1-0.dll
0x000007fefd000000 - 0x000007fefd004000 	C:\Windows\system32\api-ms-win-downlevel-version-l1-1-0.dll
0x000007fefd010000 - 0x000007fefd013000 	C:\Windows\system32\api-ms-win-downlevel-normaliz-l1-1-0.dll
0x00000000771c0000 - 0x00000000771c3000 	C:\Windows\system32\normaliz.DLL
0x000007fefe920000 - 0x000007fefebe7000 	C:\Windows\system32\iertutil.dll
0x000007fefe6c0000 - 0x000007fefe91a000 	C:\Windows\system32\WININET.dll
0x000007fefd100000 - 0x000007fefd11e000 	C:\Windows\system32\USERENV.dll
0x000007fefc550000 - 0x000007fefc5a5000 	C:\Windows\system32\mswsock.dll
0x000007fefc540000 - 0x000007fefc547000 	C:\Windows\System32\wship6.dll
0x000007fef3ce0000 - 0x000007fef3cf1000 	C:\Program Files\Java\jre1.8.0_201\bin\nio.dll
0x000007fefbcd0000 - 0x000007fefbce5000 	C:\Windows\system32\NLAapi.dll
0x000007fef8c50000 - 0x000007fef8c65000 	C:\Windows\system32\napinsp.dll
0x000007fef8c30000 - 0x000007fef8c49000 	C:\Windows\system32\pnrpnsp.dll
0x000007fefc3d0000 - 0x000007fefc42b000 	C:\Windows\system32\DNSAPI.dll
0x000007fef8c20000 - 0x000007fef8c2b000 	C:\Windows\System32\winrnr.dll
0x000007fefbf70000 - 0x000007fefbf77000 	C:\Windows\System32\wshtcpip.dll
0x000007fefae50000 - 0x000007fefae77000 	C:\Windows\system32\IPHLPAPI.DLL
0x000007fefae10000 - 0x000007fefae1b000 	C:\Windows\system32\WINNSI.DLL
0x000007fef8c70000 - 0x000007fef8c78000 	C:\Windows\system32\rasadhlp.dll
0x000007fefaab0000 - 0x000007fefab03000 	C:\Windows\System32\fwpuclnt.dll
0x000007fefc5b0000 - 0x000007fefc5c7000 	C:\Windows\system32\CRYPTSP.dll
0x000007fefc2b0000 - 0x000007fefc2f7000 	C:\Windows\system32\rsaenh.dll
0x000007fefcc10000 - 0x000007fefcc1f000 	C:\Windows\system32\CRYPTBASE.dll
0x000007fefa940000 - 0x000007fefa951000 	C:\Windows\system32\dhcpcsvc6.DLL
0x000007fefa920000 - 0x000007fefa938000 	C:\Windows\system32\dhcpcsvc.DLL

VM Arguments:
jvm_args: -Dcom.sun.management.jmxremote -Dcom.sun.management.jmxremote.port=58749 -Dcom.sun.management.jmxremote.authenticate=false -Dcom.sun.management.jmxremote.ssl=false -Djava.rmi.server.hostname=localhost -Dspring.jmx.enabled=true -Dspring.application.admin.enabled=true -Xverify:none -XX:TieredStopAtLevel=1 -Dfile.encoding=UTF-8 
java_command: br.unisul.web.sexta.EscolaApplication --spring.output.ansi.enabled=always
java_class_path (initial): C:\Users\Usuário\Desktop\TrabalhoFinalBack\target\classes;C:\Users\Usuário\.m2\repository\org\springframework\boot\spring-boot-starter-web\2.1.3.RELEASE\spring-boot-starter-web-2.1.3.RELEASE.jar;C:\Users\Usuário\.m2\repository\org\springframework\boot\spring-boot-starter\2.1.3.RELEASE\spring-boot-starter-2.1.3.RELEASE.jar;C:\Users\Usuário\.m2\repository\org\springframework\boot\spring-boot-starter-logging\2.1.3.RELEASE\spring-boot-starter-logging-2.1.3.RELEASE.jar;C:\Users\Usuário\.m2\repository\ch\qos\logback\logback-classic\1.2.3\logback-classic-1.2.3.jar;C:\Users\Usuário\.m2\repository\ch\qos\logback\logback-core\1.2.3\logback-core-1.2.3.jar;C:\Users\Usuário\.m2\repository\org\apache\logging\log4j\log4j-to-slf4j\2.11.2\log4j-to-slf4j-2.11.2.jar;C:\Users\Usuário\.m2\repository\org\apache\logging\log4j\log4j-api\2.11.2\log4j-api-2.11.2.jar;C:\Users\Usuário\.m2\repository\org\slf4j\jul-to-slf4j\1.7.25\jul-to-slf4j-1.7.25.jar;C:\Users\Usuário\.m2\repository\javax\annotation\javax.annotation-api\1.3.2\javax.annotation-api-1.3.2.jar;C:\Users\Usuário\.m2\repository\org\yaml\snakeyaml\1.23\snakeyaml-1.23.jar;C:\Users\Usuário\.m2\repository\org\springframework\boot\spring-boot-starter-json\2.1.3.RELEASE\spring-boot-starter-json-2.1.3.RELEASE.jar;C:\Users\Usuário\.m2\repository\com\fasterxml\jackson\core\jackson-databind\2.9.8\jackson-databind-2.9.8.jar;C:\Users\Usuário\.m2\repository\com\fasterxml\jackson\core\jackson-annotations\2.9.0\jackson-annotations-2.9.0.jar;C:\Users\Usuário\.m2\repository\com\fasterxml\jackson\core\jackson-core\2.9.8\jackson-core-2.9.8.jar;C:\Users\Usuário\.m2\repository\com\fasterxml\jackson\datatype\jackson-datatype-jdk8\2.9.8\jackson-datatype-jdk8-2.9.8.jar;C:\Users\Usuário\.m2\repository\com\fasterxml\jackson\datatype\jackson-datatype-jsr310\2.9.8\jackson-datatype-jsr310-2.9.8.jar;C:\Users\Usuário\.m2\repository\com\fasterxml\jackson\module\jackson-module-parameter-names\2.9.8\jackson-module-parameter-names-2.9.8.j
Launcher Type: SUN_STANDARD

Environment Variables:
PATH=C:/Program Files/Java/jre1.8.0_201/bin/server;C:/Program Files/Java/jre1.8.0_201/bin;C:/Program Files/Java/jre1.8.0_201/lib/amd64;C:\oraclexe\app\oracle\product\10.2.0\server\bin;C:\Program Files (x86)\Common Files\Oracle\Java\javapath;C:\Windows\system32;C:\Windows;C:\Windows\System32\Wbem;C:\Windows\System32\WindowsPowerShell\v1.0\;C:\Program Files\Git\cmd;C:\Program Files\nodejs\;;C:\Users\Usuário\AppData\Local\Programs\Microsoft VS Code\bin;C:\Users\Usuário\AppData\Roaming\npm;C:\Users\Usuário\Desktop\sts-4.2.0.RELEASE;
USERNAME=Usuário
OS=Windows_NT
PROCESSOR_IDENTIFIER=Intel64 Family 6 Model 42 Stepping 7, GenuineIntel



---------------  S Y S T E M  ---------------

OS: Windows 7 , 64 bit Build 7601 (6.1.7601.18015)

CPU:total 4 (initial active 4) (2 cores per cpu, 2 threads per core) family 6 model 42 stepping 7, cmov, cx8, fxsr, mmx, sse, sse2, sse3, ssse3, sse4.1, sse4.2, popcnt, avx, clmul, ht, tsc, tscinvbit

Memory: 4k page, physical 2994032k(47288k free), swap 11974264k(5248k free)

vm_info: Java HotSpot(TM) 64-Bit Server VM (25.201-b09) for windows-amd64 JRE (1.8.0_201-b09), built on Dec 15 2018 18:36:39 by "java_re" with MS VC++ 10.0 (VS2010)

time: Thu Jun 20 23:16:07 2019
timezone: Hora oficial do Brasil
elapsed time: 12 seconds (0d 0h 0m 12s)

