#
# A fatal error has been detected by the Java Runtime Environment:
#
#  EXCEPTION_ACCESS_VIOLATION (0xc0000005) at pc=0x0000000073a64e07, pid=6664, tid=0x0000000000001a90
#
# JRE version: Java(TM) SE Runtime Environment (8.0_201-b09) (build 1.8.0_201-b09)
# Java VM: Java HotSpot(TM) 64-Bit Server VM (25.201-b09 mixed mode windows-amd64 compressed oops)
# Problematic frame:
# V  [jvm.dll+0x214e07]
#
# Failed to write core dump. Minidumps are not enabled by default on client versions of Windows
#
# If you would like to submit a bug report, please visit:
#   http://bugreport.java.com/bugreport/crash.jsp
#

---------------  T H R E A D  ---------------

Current thread (0x00000000545f6800):  JavaThread "Signal Dispatcher" daemon [_thread_in_vm, id=6800, stack(0x0000000055c30000,0x0000000055d30000)]

siginfo: ExceptionCode=0xc0000005, writing address 0x0000000055d2a3c0

Registers:
RAX=0x0000000055d2a3c0, RBX=0x0000000000000006, RCX=0x0000000000005000, RDX=0x0000000000000006
RSP=0x0000000055d2f3c0, RBP=0x0000000000000000, RSI=0x0000000055d2f3c0, RDI=0x0000000000000006
R8 =0x0000000000000006, R9 =0x000000005458f420, R10=0x0000000053c2c630, R11=0x0000000055c3a150
R12=0x000000005458f420, R13=0x00000000545f6800, R14=0x0000000055d2f488, R15=0x0000000053c2c630
RIP=0x0000000073a64e07, EFLAGS=0x0000000000010206

Top of Stack: (sp=0x0000000055d2f3c0)
0x0000000055d2f3c0:   0000000000000000 0000000013c06bd0
0x0000000055d2f3d0:   00000000545f6800 000000005458f420
0x0000000055d2f3e0:   00000000ffffffff 0000000073a65d37
0x0000000055d2f3f0:   0000000055d2f4f0 0000000053c2c630
0x0000000055d2f400:   00000000545f6800 0000000073911163
0x0000000055d2f410:   0000000055d2f450 00000000545f6800
0x0000000055d2f420:   0000000055d2f4e0 00000000545f6800
0x0000000055d2f430:   0000000053c2c630 00000000545f6800
0x0000000055d2f440:   0000000002843bc0 00000000545f6800
0x0000000055d2f450:   0000000053c2c630 00000000545f6800
0x0000000055d2f460:   0000000053c2c630 00000000545f6800
0x0000000055d2f470:   0000000000000001 0000000053c2c630
0x0000000055d2f480:   00000000545f6800 00000000545fd5b0
0x0000000055d2f490:   00000000545f6800 00000000739128cd
0x0000000055d2f4a0:   0000000055d2f8b0 0000000013c06bd0
0x0000000055d2f4b0:   0000000013c06bd0 0000000077132660 

Instructions: (pc=0x0000000073a64e07)
0x0000000073a64de7:   48 89 6c 24 30 33 ed 66 90 e8 0b 5d 08 00 ff c3
0x0000000073a64df7:   48 63 c8 48 8b c6 48 0f af cf 48 ff c7 48 2b c1
0x0000000073a64e07:   89 28 48 63 c3 48 3b 05 95 9a 59 00 7e db 48 8b
0x0000000073a64e17:   6c 24 30 48 8b 5c 24 38 48 8b 74 24 40 48 83 c4 


Register to memory mapping:

RAX=0x0000000055d2a3c0 is pointing into the stack for thread: 0x00000000545f6800
RBX=0x0000000000000006 is an unknown value
RCX=0x0000000000005000 is an unknown value
RDX=0x0000000000000006 is an unknown value
RSP=0x0000000055d2f3c0 is pointing into the stack for thread: 0x00000000545f6800
RBP=0x0000000000000000 is an unknown value
RSI=0x0000000055d2f3c0 is pointing into the stack for thread: 0x00000000545f6800
RDI=0x0000000000000006 is an unknown value
R8 =0x0000000000000006 is an unknown value
R9 =0x000000005458f420 is an unknown value
R10={method} {0x0000000053c2c638} 'exit' '()V' in 'java/lang/Thread'
R11=0x0000000055c3a150 is pointing into the stack for thread: 0x00000000545f6800
R12=0x000000005458f420 is an unknown value
R13=0x00000000545f6800 is a thread
R14=0x0000000055d2f488 is pointing into the stack for thread: 0x00000000545f6800
R15={method} {0x0000000053c2c638} 'exit' '()V' in 'java/lang/Thread'


Stack: [0x0000000055c30000,0x0000000055d30000],  sp=0x0000000055d2f3c0,  free space=1020k
Native frames: (J=compiled Java code, j=interpreted, Vv=VM code, C=native code)


---------------  P R O C E S S  ---------------

Java Threads: ( => current thread )
  0x0000000057165000 JavaThread "JMX server connection timeout 17" daemon [_thread_blocked, id=6308, stack(0x0000000057cf0000,0x0000000057df0000)]
  0x0000000057126000 JavaThread "RMI TCP Connection(2)-127.0.0.1" daemon [_thread_in_native, id=6388, stack(0x0000000057bf0000,0x0000000057cf0000)]
  0x000000005711e800 JavaThread "RMI Scheduler(0)" daemon [_thread_blocked, id=4660, stack(0x0000000057a40000,0x0000000057b40000)]
  0x00000000570ea800 JavaThread "RMI TCP Accept-0" daemon [_thread_in_native, id=5352, stack(0x00000000576f0000,0x00000000577f0000)]
  0x00000000570e6800 JavaThread "RMI TCP Connection(1)-127.0.0.1" daemon [_thread_in_native, id=4416, stack(0x0000000056d10000,0x0000000056e10000)]
  0x000000005709a000 JavaThread "RMI TCP Accept-58740" daemon [_thread_in_native, id=5508, stack(0x00000000565f0000,0x00000000566f0000)]
  0x0000000057087800 JavaThread "RMI TCP Accept-0" daemon [_thread_in_native, id=5124, stack(0x0000000056a70000,0x0000000056b70000)]
  0x0000000055d91800 JavaThread "Service Thread" daemon [_thread_blocked, id=6744, stack(0x0000000056760000,0x0000000056860000)]
  0x0000000055d8f800 JavaThread "C1 CompilerThread2" daemon [_thread_blocked, id=6836, stack(0x00000000564b0000,0x00000000565b0000)]
  0x0000000055d37000 JavaThread "C2 CompilerThread1" daemon [_thread_blocked, id=6832, stack(0x0000000056390000,0x0000000056490000)]
  0x0000000055d31800 JavaThread "C2 CompilerThread0" daemon [_thread_blocked, id=6828, stack(0x0000000056180000,0x0000000056280000)]
  0x00000000545f9000 JavaThread "Attach Listener" daemon [_thread_blocked, id=6788, stack(0x0000000055930000,0x0000000055a30000)]
=>0x00000000545f6800 JavaThread "Signal Dispatcher" daemon [_thread_in_vm, id=6800, stack(0x0000000055c30000,0x0000000055d30000)]
  0x00000000545dd800 JavaThread "Finalizer" daemon [_thread_blocked, id=6804, stack(0x0000000055aa0000,0x0000000055ba0000)]
  0x0000000054596800 JavaThread "Reference Handler" daemon [_thread_blocked, id=6808, stack(0x00000000557e0000,0x00000000558e0000)]
  0x000000000217a800 JavaThread "main" [_thread_blocked, id=1800, stack(0x0000000002460000,0x0000000002560000)]

Other Threads:
  0x000000005458e800 VMThread [stack: 0x0000000055690000,0x0000000055790000] [id=6812]

VM state:synchronizing (normal execution)

VM Mutex/Monitor currently owned by a thread:  ([mutex/lock_event])
[0x0000000002178d00] Threads_lock - owner thread: 0x000000005458e800

OutOfMemory and StackOverflow Exception counts:
OutOfMemoryError java_heap_errors=9

heap address: 0x00000000d2400000, size: 732 MB, Compressed Oops mode: 32-bit
Narrow klass base: 0x0000000000000000, Narrow klass shift: 0
Compressed class space size: 1073741824 Address: 0x0000000013c00000

Heap:
 PSYoungGen      total 48128K, used 3915K [0x00000000f0c00000, 0x00000000f4080000, 0x0000000100000000)
  eden space 42496K, 9% used [0x00000000f0c00000,0x00000000f0fd2d38,0x00000000f3580000)
  from space 5632K, 0% used [0x00000000f3b00000,0x00000000f3b00000,0x00000000f4080000)
  to   space 5632K, 0% used [0x00000000f3580000,0x00000000f3580000,0x00000000f3b00000)
 ParOldGen       total 27648K, used 8052K [0x00000000d2400000, 0x00000000d3f00000, 0x00000000f0c00000)
  object space 27648K, 29% used [0x00000000d2400000,0x00000000d2bdd360,0x00000000d3f00000)
 Metaspace       used 26146K, capacity 27270K, committed 27648K, reserved 1079296K
  class space    used 3652K, capacity 3941K, committed 4096K, reserved 1048576K

Card table byte_map: [0x0000000011bf0000,0x0000000011d60000] byte_map_base: 0x000000001155e000

Marking Bits: (ParMarkBitMap*) 0x0000000074074ce0
 Begin Bits: [0x0000000012520000, 0x0000000013090000)
 End Bits:   [0x0000000013090000, 0x0000000013c00000)

Polling page: 0x0000000000230000

CodeCache: size=245760Kb used=5940Kb max_used=5940Kb free=239819Kb
 bounds [0x0000000002830000, 0x0000000002e00000, 0x0000000011830000]
 total_blobs=3205 nmethods=2790 adapters=326
 compilation: enabled

Compilation events (10 events):
Event: 15.447 Thread 0x0000000055d8f800 2802       1       org.springframework.boot.autoconfigure.condition.ConditionEvaluationReport$$Lambda$284/167950727::accept (20 bytes)
Event: 15.448 Thread 0x0000000055d8f800 nmethod 2802 0x0000000002dfb710 code [0x0000000002dfb880, 0x0000000002dfba28]
Event: 15.448 Thread 0x0000000055d8f800 2803       1       org.springframework.boot.autoconfigure.condition.ConditionEvaluationReport::lambda$addNoMatchOutcomeToAncestors$1 (54 bytes)
Event: 15.449 Thread 0x0000000055d8f800 nmethod 2803 0x0000000002dfbb10 code [0x0000000002dfbd00, 0x0000000002dfc318]
Event: 15.451 Thread 0x0000000055d8f800 2804       1       org.springframework.boot.autoconfigure.condition.ConditionEvaluationReport$ConditionAndOutcome::getOutcome (5 bytes)
Event: 15.452 Thread 0x0000000055d8f800 nmethod 2804 0x0000000002dfc810 code [0x0000000002dfc960, 0x0000000002dfca70]
Event: 15.453 Thread 0x0000000055d8f800 2805       1       java.util.TreeMap::forEach (58 bytes)
Event: 15.454 Thread 0x0000000055d8f800 nmethod 2805 0x0000000002dfcad0 code [0x0000000002dfcc60, 0x0000000002dfcf38]
Event: 15.483 Thread 0x0000000055d8f800 2806       1       org.springframework.core.ResolvableType::<init> (39 bytes)
Event: 15.484 Thread 0x0000000055d8f800 nmethod 2806 0x0000000002dfd190 code [0x0000000002dfd2e0, 0x0000000002dfd4a8]

GC Heap History (10 events):
Event: 15.148 GC heap before
{Heap before GC invocations=26 (full 8):
 PSYoungGen      total 47616K, used 0K [0x00000000f0c00000, 0x00000000f4000000, 0x0000000100000000)
  eden space 41984K, 0% used [0x00000000f0c00000,0x00000000f0c00000,0x00000000f3500000)
  from space 5632K, 0% used [0x00000000f3a80000,0x00000000f3a80000,0x00000000f4000000)
  to   space 5632K, 0% used [0x00000000f3500000,0x00000000f3500000,0x00000000f3a80000)
 ParOldGen       total 27648K, used 8455K [0x00000000d2400000, 0x00000000d3f00000, 0x00000000f0c00000)
  object space 27648K, 30% used [0x00000000d2400000,0x00000000d2c41dd8,0x00000000d3f00000)
 Metaspace       used 25965K, capacity 27010K, committed 27264K, reserved 1083392K
  class space    used 3618K, capacity 3875K, committed 3968K, reserved 1048576K
Event: 15.255 GC heap after
Heap after GC invocations=26 (full 8):
 PSYoungGen      total 47616K, used 0K [0x00000000f0c00000, 0x00000000f4000000, 0x0000000100000000)
  eden space 41984K, 0% used [0x00000000f0c00000,0x00000000f0c00000,0x00000000f3500000)
  from space 5632K, 0% used [0x00000000f3a80000,0x00000000f3a80000,0x00000000f4000000)
  to   space 5632K, 0% used [0x00000000f3500000,0x00000000f3500000,0x00000000f3a80000)
 ParOldGen       total 27648K, used 8045K [0x00000000d2400000, 0x00000000d3f00000, 0x00000000f0c00000)
  object space 27648K, 29% used [0x00000000d2400000,0x00000000d2bdb498,0x00000000d3f00000)
 Metaspace       used 25898K, capacity 26902K, committed 27264K, reserved 1079296K
  class space    used 3608K, capacity 3857K, committed 3968K, reserved 1048576K
}
Event: 15.256 GC heap before
{Heap before GC invocations=27 (full 8):
 PSYoungGen      total 47616K, used 690K [0x00000000f0c00000, 0x00000000f4000000, 0x0000000100000000)
  eden space 41984K, 1% used [0x00000000f0c00000,0x00000000f0cacaf0,0x00000000f3500000)
  from space 5632K, 0% used [0x00000000f3a80000,0x00000000f3a80000,0x00000000f4000000)
  to   space 5632K, 0% used [0x00000000f3500000,0x00000000f3500000,0x00000000f3a80000)
 ParOldGen       total 27648K, used 8045K [0x00000000d2400000, 0x00000000d3f00000, 0x00000000f0c00000)
  object space 27648K, 29% used [0x00000000d2400000,0x00000000d2bdb498,0x00000000d3f00000)
 Metaspace       used 25898K, capacity 26902K, committed 27264K, reserved 1085440K
  class space    used 3608K, capacity 3857K, committed 3968K, reserved 1048576K
Event: 15.257 GC heap after
Heap after GC invocations=27 (full 8):
 PSYoungGen      total 47616K, used 96K [0x00000000f0c00000, 0x00000000f4080000, 0x0000000100000000)
  eden space 41984K, 0% used [0x00000000f0c00000,0x00000000f0c00000,0x00000000f3500000)
  from space 5632K, 1% used [0x00000000f3500000,0x00000000f3518000,0x00000000f3a80000)
  to   space 5632K, 0% used [0x00000000f3b00000,0x00000000f3b00000,0x00000000f4080000)
 ParOldGen       total 27648K, used 8045K [0x00000000d2400000, 0x00000000d3f00000, 0x00000000f0c00000)
  object space 27648K, 29% used [0x00000000d2400000,0x00000000d2bdb498,0x00000000d3f00000)
 Metaspace       used 25898K, capacity 26902K, committed 27264K, reserved 1085440K
  class space    used 3608K, capacity 3857K, committed 3968K, reserved 1048576K
}
Event: 15.257 GC heap before
{Heap before GC invocations=28 (full 9):
 PSYoungGen      total 47616K, used 96K [0x00000000f0c00000, 0x00000000f4080000, 0x0000000100000000)
  eden space 41984K, 0% used [0x00000000f0c00000,0x00000000f0c00000,0x00000000f3500000)
  from space 5632K, 1% used [0x00000000f3500000,0x00000000f3518000,0x00000000f3a80000)
  to   space 5632K, 0% used [0x00000000f3b00000,0x00000000f3b00000,0x00000000f4080000)
 ParOldGen       total 27648K, used 8045K [0x00000000d2400000, 0x00000000d3f00000, 0x00000000f0c00000)
  object space 27648K, 29% used [0x00000000d2400000,0x00000000d2bdb498,0x00000000d3f00000)
 Metaspace       used 25898K, capacity 26902K, committed 27264K, reserved 1085440K
  class space    used 3608K, capacity 3857K, committed 3968K, reserved 1048576K
Event: 15.307 GC heap after
Heap after GC invocations=28 (full 9):
 PSYoungGen      total 47616K, used 0K [0x00000000f0c00000, 0x00000000f4080000, 0x0000000100000000)
  eden space 41984K, 0% used [0x00000000f0c00000,0x00000000f0c00000,0x00000000f3500000)
  from space 5632K, 0% used [0x00000000f3500000,0x00000000f3500000,0x00000000f3a80000)
  to   space 5632K, 0% used [0x00000000f3b00000,0x00000000f3b00000,0x00000000f4080000)
 ParOldGen       total 27648K, used 8053K [0x00000000d2400000, 0x00000000d3f00000, 0x00000000f0c00000)
  object space 27648K, 29% used [0x00000000d2400000,0x00000000d2bdd750,0x00000000d3f00000)
 Metaspace       used 25898K, capacity 26902K, committed 27264K, reserved 1079296K
  class space    used 3608K, capacity 3857K, committed 3968K, reserved 1048576K
}
Event: 15.307 GC heap before
{Heap before GC invocations=29 (full 9):
 PSYoungGen      total 47616K, used 0K [0x00000000f0c00000, 0x00000000f4080000, 0x0000000100000000)
  eden space 41984K, 0% used [0x00000000f0c00000,0x00000000f0c00000,0x00000000f3500000)
  from space 5632K, 0% used [0x00000000f3500000,0x00000000f3500000,0x00000000f3a80000)
  to   space 5632K, 0% used [0x00000000f3b00000,0x00000000f3b00000,0x00000000f4080000)
 ParOldGen       total 27648K, used 8053K [0x00000000d2400000, 0x00000000d3f00000, 0x00000000f0c00000)
  object space 27648K, 29% used [0x00000000d2400000,0x00000000d2bdd750,0x00000000d3f00000)
 Metaspace       used 25898K, capacity 26902K, committed 27264K, reserved 1083392K
  class space    used 3608K, capacity 3857K, committed 3968K, reserved 1048576K
Event: 15.308 GC heap after
Heap after GC invocations=29 (full 9):
 PSYoungGen      total 48128K, used 0K [0x00000000f0c00000, 0x00000000f4080000, 0x0000000100000000)
  eden space 42496K, 0% used [0x00000000f0c00000,0x00000000f0c00000,0x00000000f3580000)
  from space 5632K, 0% used [0x00000000f3b00000,0x00000000f3b00000,0x00000000f4080000)
  to   space 5632K, 0% used [0x00000000f3580000,0x00000000f3580000,0x00000000f3b00000)
 ParOldGen       total 27648K, used 8053K [0x00000000d2400000, 0x00000000d3f00000, 0x00000000f0c00000)
  object space 27648K, 29% used [0x00000000d2400000,0x00000000d2bdd750,0x00000000d3f00000)
 Metaspace       used 25898K, capacity 26902K, committed 27264K, reserved 1083392K
  class space    used 3608K, capacity 3857K, committed 3968K, reserved 1048576K
}
Event: 15.308 GC heap before
{Heap before GC invocations=30 (full 10):
 PSYoungGen      total 48128K, used 0K [0x00000000f0c00000, 0x00000000f4080000, 0x0000000100000000)
  eden space 42496K, 0% used [0x00000000f0c00000,0x00000000f0c00000,0x00000000f3580000)
  from space 5632K, 0% used [0x00000000f3b00000,0x00000000f3b00000,0x00000000f4080000)
  to   space 5632K, 0% used [0x00000000f3580000,0x00000000f3580000,0x00000000f3b00000)
 ParOldGen       total 27648K, used 8053K [0x00000000d2400000, 0x00000000d3f00000, 0x00000000f0c00000)
  object space 27648K, 29% used [0x00000000d2400000,0x00000000d2bdd750,0x00000000d3f00000)
 Metaspace       used 25898K, capacity 26902K, committed 27264K, reserved 1083392K
  class space    used 3608K, capacity 3857K, committed 3968K, reserved 1048576K
Event: 15.339 GC heap after
Heap after GC invocations=30 (full 10):
 PSYoungGen      total 48128K, used 0K [0x00000000f0c00000, 0x00000000f4080000, 0x0000000100000000)
  eden space 42496K, 0% used [0x00000000f0c00000,0x00000000f0c00000,0x00000000f3580000)
  from space 5632K, 0% used [0x00000000f3b00000,0x00000000f3b00000,0x00000000f4080000)
  to   space 5632K, 0% used [0x00000000f3580000,0x00000000f3580000,0x00000000f3b00000)
 ParOldGen       total 27648K, used 8052K [0x00000000d2400000, 0x00000000d3f00000, 0x00000000f0c00000)
  object space 27648K, 29% used [0x00000000d2400000,0x00000000d2bdd360,0x00000000d3f00000)
 Metaspace       used 25898K, capacity 26902K, committed 27264K, reserved 1079296K
  class space    used 3608K, capacity 3857K, committed 3968K, reserved 1048576K
}

Deoptimization events (0 events):
No events

Classes redefined (0 events):
No events

Internal exceptions (10 events):
Event: 15.510 Thread 0x0000000057599000 Exception <a 'java/lang/ArrayIndexOutOfBoundsException'> (0x00000000f0e1d998) thrown at [C:\re\workspace\8-2-build-windows-amd64-cygwin\jdk8u201\12322\hotspot\src\share\vm\runtime\sharedRuntime.cpp, line 605]
Event: 15.511 Thread 0x0000000057599000 Exception <a 'java/lang/OutOfMemoryError'> (0x00000000f0e3f428) thrown at [C:\re\workspace\8-2-build-windows-amd64-cygwin\jdk8u201\12322\hotspot\src\share\vm\prims\jni.cpp, line 735]
Event: 15.512 Thread 0x0000000057599000 Exception <a 'java/lang/OutOfMemoryError'> (0x00000000f0e723f0) thrown at [C:\re\workspace\8-2-build-windows-amd64-cygwin\jdk8u201\12322\hotspot\src\share\vm\prims\jni.cpp, line 735]
Event: 15.512 Thread 0x0000000057599000 Exception <a 'java/lang/OutOfMemoryError'> (0x00000000f0e723f0) thrown at [C:\re\workspace\8-2-build-windows-amd64-cygwin\jdk8u201\12322\hotspot\src\share\vm\prims\jvm.cpp, line 1506]
Event: 15.512 Thread 0x0000000057599000 Exception <a 'java/lang/reflect/InvocationTargetException'> (0x00000000f0e72678) thrown at [C:\re\workspace\8-2-build-windows-amd64-cygwin\jdk8u201\12322\hotspot\src\share\vm\runtime\reflection.cpp, line 1092]
Event: 15.513 Thread 0x0000000057599000 Exception <a 'java/lang/OutOfMemoryError'> (0x00000000f0e81ff0) thrown at [C:\re\workspace\8-2-build-windows-amd64-cygwin\jdk8u201\12322\hotspot\src\share\vm\prims\jni.cpp, line 735]
Event: 15.513 Thread 0x0000000057599000 Exception <a 'java/lang/OutOfMemoryError'> (0x00000000f0e81ff0) thrown at [C:\re\workspace\8-2-build-windows-amd64-cygwin\jdk8u201\12322\hotspot\src\share\vm\prims\jvm.cpp, line 1506]
Event: 15.513 Thread 0x0000000057599000 Exception <a 'java/lang/OutOfMemoryError'> (0x00000000f0e8eb38) thrown at [C:\re\workspace\8-2-build-windows-amd64-cygwin\jdk8u201\12322\hotspot\src\share\vm\prims\jni.cpp, line 735]
Event: 15.513 Thread 0x0000000057599000 Exception <a 'java/lang/OutOfMemoryError'> (0x00000000f0e8eb38) thrown at [C:\re\workspace\8-2-build-windows-amd64-cygwin\jdk8u201\12322\hotspot\src\share\vm\prims\jvm.cpp, line 1506]
Event: 15.540 Thread 0x000000000217a800 Exception <a 'java/lang/OutOfMemoryError': unable to create new native thread> (0x00000000f0f4a6f8) thrown at [C:\re\workspace\8-2-build-windows-amd64-cygwin\jdk8u201\12322\hotspot\src\share\vm\prims\jvm.cpp, line 3145]

Events (10 events):
Event: 15.533 Executing VM operation: RevokeBias done
Event: 15.533 loading class org/springframework/boot/devtools/restart/SilentExitExceptionHandler$SilentExitException
Event: 15.533 loading class org/springframework/boot/devtools/restart/SilentExitExceptionHandler$SilentExitException done
Event: 15.533 Executing VM operation: RevokeBias
Event: 15.533 Executing VM operation: RevokeBias done
Event: 15.534 loading class java/util/IdentityHashMap$KeySet
Event: 15.540 loading class java/util/IdentityHashMap$KeySet done
Event: 15.540 loading class java/util/IdentityHashMap$KeyIterator
Event: 15.540 loading class java/util/IdentityHashMap$KeyIterator done
Event: 15.540 Executing VM operation: Exit


Dynamic libraries:
0x000000013fa80000 - 0x000000013fab7000 	C:\Program Files\Java\jre1.8.0_201\bin\javaw.exe
0x0000000077000000 - 0x00000000771a9000 	C:\Windows\SYSTEM32\ntdll.dll
0x0000000076de0000 - 0x0000000076eff000 	C:\Windows\system32\kernel32.dll
0x000007fefd020000 - 0x000007fefd08b000 	C:\Windows\system32\KERNELBASE.dll
0x000007fefeef0000 - 0x000007fefefcb000 	C:\Windows\system32\ADVAPI32.dll
0x000007fefe5b0000 - 0x000007fefe64f000 	C:\Windows\system32\msvcrt.dll
0x000007fefefd0000 - 0x000007fefefef000 	C:\Windows\SYSTEM32\sechost.dll
0x000007fefd420000 - 0x000007fefd54d000 	C:\Windows\system32\RPCRT4.dll
0x0000000076f00000 - 0x0000000076ffa000 	C:\Windows\system32\USER32.dll
0x000007fefe650000 - 0x000007fefe6b7000 	C:\Windows\system32\GDI32.dll
0x000007feff090000 - 0x000007feff09e000 	C:\Windows\system32\LPK.dll
0x000007fefd170000 - 0x000007fefd239000 	C:\Windows\system32\USP10.dll
0x000007fefb820000 - 0x000007fefba14000 	C:\Windows\WinSxS\amd64_microsoft.windows.common-controls_6595b64144ccf1df_6.0.7601.17514_none_fa396087175ac9ac\COMCTL32.dll
0x000007feff0c0000 - 0x000007feff131000 	C:\Windows\system32\SHLWAPI.dll
0x000007feff2e0000 - 0x000007feff30e000 	C:\Windows\system32\IMM32.DLL
0x000007feff1c0000 - 0x000007feff2c9000 	C:\Windows\system32\MSCTF.dll
0x000000006dce0000 - 0x000000006ddb1000 	C:\Program Files\Java\jre1.8.0_201\bin\msvcr100.dll
0x0000000073850000 - 0x00000000740f4000 	C:\Program Files\Java\jre1.8.0_201\bin\server\jvm.dll
0x000007fef7400000 - 0x000007fef7409000 	C:\Windows\system32\WSOCK32.dll
0x000007fefeea0000 - 0x000007fefeeed000 	C:\Windows\system32\WS2_32.dll
0x000007feff2d0000 - 0x000007feff2d8000 	C:\Windows\system32\NSI.dll
0x000007fef76c0000 - 0x000007fef76fb000 	C:\Windows\system32\WINMM.dll
0x000007fefbea0000 - 0x000007fefbeac000 	C:\Windows\system32\VERSION.dll
0x00000000771d0000 - 0x00000000771d7000 	C:\Windows\system32\PSAPI.DLL
0x000007fef9ee0000 - 0x000007fef9eef000 	C:\Program Files\Java\jre1.8.0_201\bin\verify.dll
0x000007feea020000 - 0x000007feea049000 	C:\Program Files\Java\jre1.8.0_201\bin\java.dll
0x000007fef8e70000 - 0x000007fef8e86000 	C:\Program Files\Java\jre1.8.0_201\bin\zip.dll
0x000007fefd550000 - 0x000007fefe2d8000 	C:\Windows\system32\SHELL32.dll
0x000007fefebf0000 - 0x000007fefedf3000 	C:\Windows\system32\ole32.dll
0x000007fefcdb0000 - 0x000007fefcdbf000 	C:\Windows\system32\profapi.dll
0x000007fef7640000 - 0x000007fef764d000 	C:\Program Files\Java\jre1.8.0_201\bin\management.dll
0x000007fef4cb0000 - 0x000007fef4cca000 	C:\Program Files\Java\jre1.8.0_201\bin\net.dll
0x000007fefe2e0000 - 0x000007fefe465000 	C:\Windows\system32\urlmon.dll
0x000007fefcf50000 - 0x000007fefcf54000 	C:\Windows\system32\api-ms-win-downlevel-ole32-l1-1-0.dll
0x000007fefcdd0000 - 0x000007fefcdd4000 	C:\Windows\system32\api-ms-win-downlevel-shlwapi-l1-1-0.dll
0x000007fefd160000 - 0x000007fefd165000 	C:\Windows\system32\api-ms-win-downlevel-advapi32-l1-1-0.dll
0x000007fefd090000 - 0x000007fefd094000 	C:\Windows\system32\api-ms-win-downlevel-user32-l1-1-0.dll
0x000007fefd000000 - 0x000007fefd004000 	C:\Windows\system32\api-ms-win-downlevel-version-l1-1-0.dll
0x000007fefd010000 - 0x000007fefd013000 	C:\Windows\system32\api-ms-win-downlevel-normaliz-l1-1-0.dll
0x00000000771c0000 - 0x00000000771c3000 	C:\Windows\system32\normaliz.DLL
0x000007fefe920000 - 0x000007fefebe7000 	C:\Windows\system32\iertutil.dll
0x000007fefe6c0000 - 0x000007fefe91a000 	C:\Windows\system32\WININET.dll
0x000007fefd100000 - 0x000007fefd11e000 	C:\Windows\system32\USERENV.dll
0x000007fefc550000 - 0x000007fefc5a5000 	C:\Windows\system32\mswsock.dll
0x000007fefc540000 - 0x000007fefc547000 	C:\Windows\System32\wship6.dll
0x000007fef3ce0000 - 0x000007fef3cf1000 	C:\Program Files\Java\jre1.8.0_201\bin\nio.dll
0x000007fefbcd0000 - 0x000007fefbce5000 	C:\Windows\system32\NLAapi.dll
0x000007fef8c50000 - 0x000007fef8c65000 	C:\Windows\system32\napinsp.dll
0x000007fef8c30000 - 0x000007fef8c49000 	C:\Windows\system32\pnrpnsp.dll
0x000007fefc3d0000 - 0x000007fefc42b000 	C:\Windows\system32\DNSAPI.dll
0x000007fef8c20000 - 0x000007fef8c2b000 	C:\Windows\System32\winrnr.dll
0x000007fefbf70000 - 0x000007fefbf77000 	C:\Windows\System32\wshtcpip.dll
0x000007fefae50000 - 0x000007fefae77000 	C:\Windows\system32\IPHLPAPI.DLL
0x000007fefae10000 - 0x000007fefae1b000 	C:\Windows\system32\WINNSI.DLL
0x000007fef8c70000 - 0x000007fef8c78000 	C:\Windows\system32\rasadhlp.dll
0x000007fefaab0000 - 0x000007fefab03000 	C:\Windows\System32\fwpuclnt.dll
0x000007fefc5b0000 - 0x000007fefc5c7000 	C:\Windows\system32\CRYPTSP.dll
0x000007fefc2b0000 - 0x000007fefc2f7000 	C:\Windows\system32\rsaenh.dll
0x000007fefcc10000 - 0x000007fefcc1f000 	C:\Windows\system32\CRYPTBASE.dll
0x000007fefa940000 - 0x000007fefa951000 	C:\Windows\system32\dhcpcsvc6.DLL
0x000007fefa920000 - 0x000007fefa938000 	C:\Windows\system32\dhcpcsvc.DLL

VM Arguments:
jvm_args: -Dcom.sun.management.jmxremote -Dcom.sun.management.jmxremote.port=58740 -Dcom.sun.management.jmxremote.authenticate=false -Dcom.sun.management.jmxremote.ssl=false -Djava.rmi.server.hostname=localhost -Dspring.jmx.enabled=true -Dspring.application.admin.enabled=true -Xverify:none -XX:TieredStopAtLevel=1 -Dfile.encoding=UTF-8 
java_command: br.unisul.web.sexta.EscolaApplication --spring.output.ansi.enabled=always
java_class_path (initial): C:\Users\Usuário\Desktop\TrabalhoFinalBack\target\classes;C:\Users\Usuário\.m2\repository\org\springframework\boot\spring-boot-starter-web\2.1.3.RELEASE\spring-boot-starter-web-2.1.3.RELEASE.jar;C:\Users\Usuário\.m2\repository\org\springframework\boot\spring-boot-starter\2.1.3.RELEASE\spring-boot-starter-2.1.3.RELEASE.jar;C:\Users\Usuário\.m2\repository\org\springframework\boot\spring-boot-starter-logging\2.1.3.RELEASE\spring-boot-starter-logging-2.1.3.RELEASE.jar;C:\Users\Usuário\.m2\repository\ch\qos\logback\logback-classic\1.2.3\logback-classic-1.2.3.jar;C:\Users\Usuário\.m2\repository\ch\qos\logback\logback-core\1.2.3\logback-core-1.2.3.jar;C:\Users\Usuário\.m2\repository\org\apache\logging\log4j\log4j-to-slf4j\2.11.2\log4j-to-slf4j-2.11.2.jar;C:\Users\Usuário\.m2\repository\org\apache\logging\log4j\log4j-api\2.11.2\log4j-api-2.11.2.jar;C:\Users\Usuário\.m2\repository\org\slf4j\jul-to-slf4j\1.7.25\jul-to-slf4j-1.7.25.jar;C:\Users\Usuário\.m2\repository\javax\annotation\javax.annotation-api\1.3.2\javax.annotation-api-1.3.2.jar;C:\Users\Usuário\.m2\repository\org\yaml\snakeyaml\1.23\snakeyaml-1.23.jar;C:\Users\Usuário\.m2\repository\org\springframework\boot\spring-boot-starter-json\2.1.3.RELEASE\spring-boot-starter-json-2.1.3.RELEASE.jar;C:\Users\Usuário\.m2\repository\com\fasterxml\jackson\core\jackson-databind\2.9.8\jackson-databind-2.9.8.jar;C:\Users\Usuário\.m2\repository\com\fasterxml\jackson\core\jackson-annotations\2.9.0\jackson-annotations-2.9.0.jar;C:\Users\Usuário\.m2\repository\com\fasterxml\jackson\core\jackson-core\2.9.8\jackson-core-2.9.8.jar;C:\Users\Usuário\.m2\repository\com\fasterxml\jackson\datatype\jackson-datatype-jdk8\2.9.8\jackson-datatype-jdk8-2.9.8.jar;C:\Users\Usuário\.m2\repository\com\fasterxml\jackson\datatype\jackson-datatype-jsr310\2.9.8\jackson-datatype-jsr310-2.9.8.jar;C:\Users\Usuário\.m2\repository\com\fasterxml\jackson\module\jackson-module-parameter-names\2.9.8\jackson-module-parameter-names-2.9.8.j
Launcher Type: SUN_STANDARD

Environment Variables:
PATH=C:/Program Files/Java/jre1.8.0_201/bin/server;C:/Program Files/Java/jre1.8.0_201/bin;C:/Program Files/Java/jre1.8.0_201/lib/amd64;C:\oraclexe\app\oracle\product\10.2.0\server\bin;C:\Program Files (x86)\Common Files\Oracle\Java\javapath;C:\Windows\system32;C:\Windows;C:\Windows\System32\Wbem;C:\Windows\System32\WindowsPowerShell\v1.0\;C:\Program Files\Git\cmd;C:\Program Files\nodejs\;;C:\Users\Usuário\AppData\Local\Programs\Microsoft VS Code\bin;C:\Users\Usuário\AppData\Roaming\npm;C:\Users\Usuário\Desktop\sts-4.2.0.RELEASE;
USERNAME=Usuário
OS=Windows_NT
PROCESSOR_IDENTIFIER=Intel64 Family 6 Model 42 Stepping 7, GenuineIntel



---------------  S Y S T E M  ---------------

OS: Windows 7 , 64 bit Build 7601 (6.1.7601.18015)

CPU:total 4 (initial active 4) (2 cores per cpu, 2 threads per core) family 6 model 42 stepping 7, cmov, cx8, fxsr, mmx, sse, sse2, sse3, ssse3, sse4.1, sse4.2, popcnt, avx, clmul, ht, tsc, tscinvbit

Memory: 4k page, physical 2994032k(40820k free), swap 11974264k(2764k free)

vm_info: Java HotSpot(TM) 64-Bit Server VM (25.201-b09) for windows-amd64 JRE (1.8.0_201-b09), built on Dec 15 2018 18:36:39 by "java_re" with MS VC++ 10.0 (VS2010)

time: Thu Jun 20 23:15:42 2019
timezone: Hora oficial do Brasil
elapsed time: 15 seconds (0d 0h 0m 15s)

